<?xml version="1.0" encoding="UTF-8"?>
<!-- Generated by org.testng.reporters.JUnitReportReporter -->
<testsuite hostname="DESKTOP-SE85FLB" failures="0" tests="1" name="com.orangehrm.tests.ProfileImageUploadTest" time="16.096" errors="0" timestamp="2025-10-14T13:12:15 IST" skipped="0">
  <testcase classname="com.orangehrm.tests.ProfileImageUploadTest" name="testProfileImageUpload" time="16.096"/>
</testsuite> <!-- com.orangehrm.tests.ProfileImageUploadTest -->
