<?xml version="1.0" encoding="UTF-8"?>
<!-- Generated by org.testng.reporters.JUnitReportReporter -->
<testsuite hostname="DESKTOP-SE85FLB" failures="0" tests="1" name="com.orangehrm.tests.LoginTest" time="11.545" errors="0" timestamp="2025-10-14T12:48:25 IST" skipped="0">
  <testcase classname="com.orangehrm.tests.LoginTest" name="testLoginAndMyInfoNavigation" time="11.545"/>
</testsuite> <!-- com.orangehrm.tests.LoginTest -->
