<?xml version="1.0" encoding="UTF-8"?>
<!-- Generated by org.testng.reporters.JUnitReportReporter -->
<testsuite hostname="DESKTOP-SE85FLB" failures="0" tests="1" name="com.orangehrm.tests.LoginTest" time="15.280" errors="0" timestamp="2025-10-13T18:45:59 IST" skipped="0">
  <testcase classname="com.orangehrm.tests.LoginTest" name="testLoginAndMyInfoNavigation" time="15.280"/>
</testsuite> <!-- com.orangehrm.tests.LoginTest -->
