<?xml version="1.0" encoding="UTF-8"?>
<!-- Generated by org.testng.reporters.JUnitReportReporter -->
<testsuite hostname="DESKTOP-SE85FLB" failures="0" tests="1" name="com.orangehrm.tests.ProfileImageClickTest" time="14.479" errors="0" timestamp="2025-10-14T13:00:04 IST" skipped="0">
  <testcase classname="com.orangehrm.tests.ProfileImageClickTest" name="testProfileImageClick" time="14.479"/>
</testsuite> <!-- com.orangehrm.tests.ProfileImageClickTest -->
