<?xml version="1.0" encoding="UTF-8"?>
<!-- Generated by org.testng.reporters.JUnitReportReporter -->
<testsuite hostname="DESKTOP-SE85FLB" failures="0" tests="1" name="com.example.demo.tests.GoogleTest" time="9.314" errors="0" timestamp="2025-10-07T11:46:42 IST" skipped="0">
  <testcase classname="com.example.demo.tests.GoogleTest" name="testVisitEnterpriseHub" time="9.314"/>
</testsuite> <!-- com.example.demo.tests.GoogleTest -->
